This file contains any messages produced by compilers while
running configure, to aid debugging if configure makes a mistake.

It was created by NetPacketCaptureServer configure 1.0, which was
generated by GNU Autoconf 2.69.  Invocation command line was

  $ ./configure --no-create --no-recursion

## --------- ##
## Platform. ##
## --------- ##

hostname = localhost.localdomain
uname -m = x86_64
uname -r = 3.10.0-327.el7.x86_64
uname -s = Linux
uname -v = #1 SMP Thu Nov 19 22:10:57 UTC 2015

/usr/bin/uname -p = x86_64
/bin/uname -X     = unknown

/bin/arch              = x86_64
/usr/bin/arch -k       = unknown
/usr/convex/getsysinfo = unknown
/usr/bin/hostinfo      = unknown
/bin/machine           = unknown
/usr/bin/oslevel       = unknown
/bin/universe          = unknown

PATH: /usr/local/sbin
PATH: /usr/local/bin
PATH: /usr/sbin
PATH: /usr/bin
PATH: /root/bin


## ----------- ##
## Core tests. ##
## ----------- ##

configure:2292: checking for a BSD-compatible install
configure:2360: result: /usr/bin/install -c
configure:2371: checking whether build environment is sane
configure:2426: result: yes
configure:2577: checking for a thread-safe mkdir -p
configure:2616: result: /usr/bin/mkdir -p
configure:2623: checking for gawk
configure:2639: found /usr/bin/gawk
configure:2650: result: gawk
configure:2661: checking whether make sets $(MAKE)
configure:2683: result: yes
configure:2712: checking whether make supports nested variables
configure:2729: result: yes
configure:2877: checking for g++
configure:2893: found /usr/bin/g++
configure:2904: result: g++
configure:2931: checking for C++ compiler version
configure:2940: g++ --version >&5
g++ (GCC) 4.8.5 20150623 (Red Hat 4.8.5-4)
Copyright (C) 2015 Free Software Foundation, Inc.
This is free software; see the source for copying conditions.  There is NO
warranty; not even for MERCHANTABILITY or FITNESS FOR A PARTICULAR PURPOSE.

configure:2951: $? = 0
configure:2940: g++ -v >&5
Using built-in specs.
COLLECT_GCC=g++
COLLECT_LTO_WRAPPER=/usr/libexec/gcc/x86_64-redhat-linux/4.8.5/lto-wrapper
Target: x86_64-redhat-linux
Configured with: ../configure --prefix=/usr --mandir=/usr/share/man --infodir=/usr/share/info --with-bugurl=http://bugzilla.redhat.com/bugzilla --enable-bootstrap --enable-shared --enable-threads=posix --enable-checking=release --with-system-zlib --enable-__cxa_atexit --disable-libunwind-exceptions --enable-gnu-unique-object --enable-linker-build-id --with-linker-hash-style=gnu --enable-languages=c,c++,objc,obj-c++,java,fortran,ada,go,lto --enable-plugin --enable-initfini-array --disable-libgcj --with-isl=/builddir/build/BUILD/gcc-4.8.5-20150702/obj-x86_64-redhat-linux/isl-install --with-cloog=/builddir/build/BUILD/gcc-4.8.5-20150702/obj-x86_64-redhat-linux/cloog-install --enable-gnu-indirect-function --with-tune=generic --with-arch_32=x86-64 --build=x86_64-redhat-linux
Thread model: posix
gcc version 4.8.5 20150623 (Red Hat 4.8.5-4) (GCC) 
configure:2951: $? = 0
configure:2940: g++ -V >&5
g++: error: unrecognized command line option '-V'
g++: fatal error: no input files
compilation terminated.
configure:2951: $? = 4
configure:2940: g++ -qversion >&5
g++: error: unrecognized command line option '-qversion'
g++: fatal error: no input files
compilation terminated.
configure:2951: $? = 4
configure:2971: checking whether the C++ compiler works
configure:2993: g++    conftest.cpp  >&5
configure:2997: $? = 0
configure:3045: result: yes
configure:3048: checking for C++ compiler default output file name
configure:3050: result: a.out
configure:3056: checking for suffix of executables
configure:3063: g++ -o conftest    conftest.cpp  >&5
configure:3067: $? = 0
configure:3089: result: 
configure:3111: checking whether we are cross compiling
configure:3119: g++ -o conftest    conftest.cpp  >&5
configure:3123: $? = 0
configure:3130: ./conftest
configure:3134: $? = 0
configure:3149: result: no
configure:3154: checking for suffix of object files
configure:3176: g++ -c   conftest.cpp >&5
configure:3180: $? = 0
configure:3201: result: o
configure:3205: checking whether we are using the GNU C++ compiler
configure:3224: g++ -c   conftest.cpp >&5
configure:3224: $? = 0
configure:3233: result: yes
configure:3242: checking whether g++ accepts -g
configure:3262: g++ -c -g  conftest.cpp >&5
configure:3262: $? = 0
configure:3303: result: yes
configure:3337: checking for style of include used by make
configure:3365: result: GNU
configure:3391: checking dependency style of g++
configure:3502: result: gcc3
configure:3565: checking for gcc
configure:3581: found /usr/bin/gcc
configure:3592: result: gcc
configure:3821: checking for C compiler version
configure:3830: gcc --version >&5
gcc (GCC) 4.8.5 20150623 (Red Hat 4.8.5-4)
Copyright (C) 2015 Free Software Foundation, Inc.
This is free software; see the source for copying conditions.  There is NO
warranty; not even for MERCHANTABILITY or FITNESS FOR A PARTICULAR PURPOSE.

configure:3841: $? = 0
configure:3830: gcc -v >&5
Using built-in specs.
COLLECT_GCC=gcc
COLLECT_LTO_WRAPPER=/usr/libexec/gcc/x86_64-redhat-linux/4.8.5/lto-wrapper
Target: x86_64-redhat-linux
Configured with: ../configure --prefix=/usr --mandir=/usr/share/man --infodir=/usr/share/info --with-bugurl=http://bugzilla.redhat.com/bugzilla --enable-bootstrap --enable-shared --enable-threads=posix --enable-checking=release --with-system-zlib --enable-__cxa_atexit --disable-libunwind-exceptions --enable-gnu-unique-object --enable-linker-build-id --with-linker-hash-style=gnu --enable-languages=c,c++,objc,obj-c++,java,fortran,ada,go,lto --enable-plugin --enable-initfini-array --disable-libgcj --with-isl=/builddir/build/BUILD/gcc-4.8.5-20150702/obj-x86_64-redhat-linux/isl-install --with-cloog=/builddir/build/BUILD/gcc-4.8.5-20150702/obj-x86_64-redhat-linux/cloog-install --enable-gnu-indirect-function --with-tune=generic --with-arch_32=x86-64 --build=x86_64-redhat-linux
Thread model: posix
gcc version 4.8.5 20150623 (Red Hat 4.8.5-4) (GCC) 
configure:3841: $? = 0
configure:3830: gcc -V >&5
gcc: error: unrecognized command line option '-V'
gcc: fatal error: no input files
compilation terminated.
configure:3841: $? = 4
configure:3830: gcc -qversion >&5
gcc: error: unrecognized command line option '-qversion'
gcc: fatal error: no input files
compilation terminated.
configure:3841: $? = 4
configure:3845: checking whether we are using the GNU C compiler
configure:3864: gcc -c   conftest.c >&5
configure:3864: $? = 0
configure:3873: result: yes
configure:3882: checking whether gcc accepts -g
configure:3902: gcc -c -g  conftest.c >&5
configure:3902: $? = 0
configure:3943: result: yes
configure:3960: checking for gcc option to accept ISO C89
configure:4023: gcc  -c -g -O2  conftest.c >&5
configure:4023: $? = 0
configure:4036: result: none needed
configure:4058: checking dependency style of gcc
configure:4169: result: gcc3
configure:4188: checking for main in -lcpp_common
configure:4207: gcc -o conftest -g -O2   conftest.c -lcpp_common   >&5
configure:4207: $? = 0
configure:4216: result: yes
configure:4228: checking for main in -lev
configure:4247: gcc -o conftest -g -O2   conftest.c -lev  -lcpp_common  >&5
configure:4247: $? = 0
configure:4256: result: yes
configure:4268: checking for main in -ljsoncpp
configure:4287: gcc -o conftest -g -O2   conftest.c -ljsoncpp  -lev -lcpp_common  >&5
configure:4287: $? = 0
configure:4296: result: yes
configure:4308: checking for main in -lpthread
configure:4327: gcc -o conftest -g -O2   conftest.c -lpthread  -ljsoncpp -lev -lcpp_common  >&5
configure:4327: $? = 0
configure:4336: result: yes
configure:4352: checking for sys/types.h
configure:4352: gcc -c -g -O2  conftest.c >&5
configure:4352: $? = 0
configure:4352: result: yes
configure:4352: checking for netinet/in.h
configure:4352: gcc -c -g -O2  conftest.c >&5
configure:4352: $? = 0
configure:4352: result: yes
configure:4352: checking for arpa/nameser.h
configure:4352: gcc -c -g -O2  conftest.c >&5
configure:4352: $? = 0
configure:4352: result: yes
configure:4352: checking for netdb.h
configure:4352: gcc -c -g -O2  conftest.c >&5
configure:4352: $? = 0
configure:4352: result: yes
configure:4352: checking for resolv.h
configure:4352: gcc -c -g -O2  conftest.c >&5
configure:4352: $? = 0
configure:4352: result: yes
configure:4380: checking how to run the C preprocessor
configure:4411: gcc -E  conftest.c
configure:4411: $? = 0
configure:4425: gcc -E  conftest.c
conftest.c:20:28: fatal error: ac_nonexistent.h: No such file or directory
 #include <ac_nonexistent.h>
                            ^
compilation terminated.
configure:4425: $? = 1
configure: failed program was:
| /* confdefs.h */
| #define PACKAGE_NAME "NetPacketCaptureServer"
| #define PACKAGE_TARNAME "netpacketcaptureserver"
| #define PACKAGE_VERSION "1.0"
| #define PACKAGE_STRING "NetPacketCaptureServer 1.0"
| #define PACKAGE_BUGREPORT "https://github.com/zhangwuliang/LibevTcpProj"
| #define PACKAGE_URL ""
| #define PACKAGE "NetPacketCaptureServer"
| #define VERSION "1.0"
| #define HAVE_LIBCPP_COMMON 1
| #define HAVE_LIBEV 1
| #define HAVE_LIBJSONCPP 1
| #define HAVE_LIBPTHREAD 1
| #define HAVE_SYS_TYPES_H 1
| #define HAVE_NETINET_IN_H 1
| #define HAVE_ARPA_NAMESER_H 1
| #define HAVE_NETDB_H 1
| #define HAVE_RESOLV_H 1
| /* end confdefs.h.  */
| #include <ac_nonexistent.h>
configure:4450: result: gcc -E
configure:4470: gcc -E  conftest.c
configure:4470: $? = 0
configure:4484: gcc -E  conftest.c
conftest.c:20:28: fatal error: ac_nonexistent.h: No such file or directory
 #include <ac_nonexistent.h>
                            ^
compilation terminated.
configure:4484: $? = 1
configure: failed program was:
| /* confdefs.h */
| #define PACKAGE_NAME "NetPacketCaptureServer"
| #define PACKAGE_TARNAME "netpacketcaptureserver"
| #define PACKAGE_VERSION "1.0"
| #define PACKAGE_STRING "NetPacketCaptureServer 1.0"
| #define PACKAGE_BUGREPORT "https://github.com/zhangwuliang/LibevTcpProj"
| #define PACKAGE_URL ""
| #define PACKAGE "NetPacketCaptureServer"
| #define VERSION "1.0"
| #define HAVE_LIBCPP_COMMON 1
| #define HAVE_LIBEV 1
| #define HAVE_LIBJSONCPP 1
| #define HAVE_LIBPTHREAD 1
| #define HAVE_SYS_TYPES_H 1
| #define HAVE_NETINET_IN_H 1
| #define HAVE_ARPA_NAMESER_H 1
| #define HAVE_NETDB_H 1
| #define HAVE_RESOLV_H 1
| /* end confdefs.h.  */
| #include <ac_nonexistent.h>
configure:4513: checking for grep that handles long lines and -e
configure:4571: result: /usr/bin/grep
configure:4576: checking for egrep
configure:4638: result: /usr/bin/grep -E
configure:4643: checking for ANSI C header files
configure:4663: gcc -c -g -O2  conftest.c >&5
configure:4663: $? = 0
configure:4736: gcc -o conftest -g -O2   conftest.c -lpthread -ljsoncpp -lev -lcpp_common  >&5
configure:4736: $? = 0
configure:4736: ./conftest
configure:4736: $? = 0
configure:4747: result: yes
configure:4760: checking for sys/types.h
configure:4760: result: yes
configure:4760: checking for sys/stat.h
configure:4760: gcc -c -g -O2  conftest.c >&5
configure:4760: $? = 0
configure:4760: result: yes
configure:4760: checking for stdlib.h
configure:4760: gcc -c -g -O2  conftest.c >&5
configure:4760: $? = 0
configure:4760: result: yes
configure:4760: checking for string.h
configure:4760: gcc -c -g -O2  conftest.c >&5
configure:4760: $? = 0
configure:4760: result: yes
configure:4760: checking for memory.h
configure:4760: gcc -c -g -O2  conftest.c >&5
configure:4760: $? = 0
configure:4760: result: yes
configure:4760: checking for strings.h
configure:4760: gcc -c -g -O2  conftest.c >&5
configure:4760: $? = 0
configure:4760: result: yes
configure:4760: checking for inttypes.h
configure:4760: gcc -c -g -O2  conftest.c >&5
configure:4760: $? = 0
configure:4760: result: yes
configure:4760: checking for stdint.h
configure:4760: gcc -c -g -O2  conftest.c >&5
configure:4760: $? = 0
configure:4760: result: yes
configure:4760: checking for unistd.h
configure:4760: gcc -c -g -O2  conftest.c >&5
configure:4760: $? = 0
configure:4760: result: yes
configure:4775: checking arpa/inet.h usability
configure:4775: gcc -c -g -O2  conftest.c >&5
configure:4775: $? = 0
configure:4775: result: yes
configure:4775: checking arpa/inet.h presence
configure:4775: gcc -E  conftest.c
configure:4775: $? = 0
configure:4775: result: yes
configure:4775: checking for arpa/inet.h
configure:4775: result: yes
configure:4775: checking fcntl.h usability
configure:4775: gcc -c -g -O2  conftest.c >&5
configure:4775: $? = 0
configure:4775: result: yes
configure:4775: checking fcntl.h presence
configure:4775: gcc -E  conftest.c
configure:4775: $? = 0
configure:4775: result: yes
configure:4775: checking for fcntl.h
configure:4775: result: yes
configure:4775: checking for netdb.h
configure:4775: result: yes
configure:4775: checking for netinet/in.h
configure:4775: result: yes
configure:4775: checking for stdlib.h
configure:4775: result: yes
configure:4775: checking for string.h
configure:4775: result: yes
configure:4775: checking sys/ioctl.h usability
configure:4775: gcc -c -g -O2  conftest.c >&5
configure:4775: $? = 0
configure:4775: result: yes
configure:4775: checking sys/ioctl.h presence
configure:4775: gcc -E  conftest.c
configure:4775: $? = 0
configure:4775: result: yes
configure:4775: checking for sys/ioctl.h
configure:4775: result: yes
configure:4775: checking sys/socket.h usability
configure:4775: gcc -c -g -O2  conftest.c >&5
configure:4775: $? = 0
configure:4775: result: yes
configure:4775: checking sys/socket.h presence
configure:4775: gcc -E  conftest.c
configure:4775: $? = 0
configure:4775: result: yes
configure:4775: checking for sys/socket.h
configure:4775: result: yes
configure:4775: checking for unistd.h
configure:4775: result: yes
configure:4787: checking for stdbool.h that conforms to C99
configure:4854: gcc -c -g -O2  conftest.c >&5
configure:4854: $? = 0
configure:4861: result: yes
configure:4863: checking for _Bool
configure:4863: gcc -c -g -O2  conftest.c >&5
configure:4863: $? = 0
configure:4863: gcc -c -g -O2  conftest.c >&5
conftest.c: In function 'main':
conftest.c:75:20: error: expected expression before ')' token
 if (sizeof ((_Bool)))
                    ^
configure:4863: $? = 1
configure: failed program was:
| /* confdefs.h */
| #define PACKAGE_NAME "NetPacketCaptureServer"
| #define PACKAGE_TARNAME "netpacketcaptureserver"
| #define PACKAGE_VERSION "1.0"
| #define PACKAGE_STRING "NetPacketCaptureServer 1.0"
| #define PACKAGE_BUGREPORT "https://github.com/zhangwuliang/LibevTcpProj"
| #define PACKAGE_URL ""
| #define PACKAGE "NetPacketCaptureServer"
| #define VERSION "1.0"
| #define HAVE_LIBCPP_COMMON 1
| #define HAVE_LIBEV 1
| #define HAVE_LIBJSONCPP 1
| #define HAVE_LIBPTHREAD 1
| #define HAVE_SYS_TYPES_H 1
| #define HAVE_NETINET_IN_H 1
| #define HAVE_ARPA_NAMESER_H 1
| #define HAVE_NETDB_H 1
| #define HAVE_RESOLV_H 1
| #define STDC_HEADERS 1
| #define HAVE_SYS_TYPES_H 1
| #define HAVE_SYS_STAT_H 1
| #define HAVE_STDLIB_H 1
| #define HAVE_STRING_H 1
| #define HAVE_MEMORY_H 1
| #define HAVE_STRINGS_H 1
| #define HAVE_INTTYPES_H 1
| #define HAVE_STDINT_H 1
| #define HAVE_UNISTD_H 1
| #define HAVE_ARPA_INET_H 1
| #define HAVE_FCNTL_H 1
| #define HAVE_NETDB_H 1
| #define HAVE_NETINET_IN_H 1
| #define HAVE_STDLIB_H 1
| #define HAVE_STRING_H 1
| #define HAVE_SYS_IOCTL_H 1
| #define HAVE_SYS_SOCKET_H 1
| #define HAVE_UNISTD_H 1
| /* end confdefs.h.  */
| #include <stdio.h>
| #ifdef HAVE_SYS_TYPES_H
| # include <sys/types.h>
| #endif
| #ifdef HAVE_SYS_STAT_H
| # include <sys/stat.h>
| #endif
| #ifdef STDC_HEADERS
| # include <stdlib.h>
| # include <stddef.h>
| #else
| # ifdef HAVE_STDLIB_H
| #  include <stdlib.h>
| # endif
| #endif
| #ifdef HAVE_STRING_H
| # if !defined STDC_HEADERS && defined HAVE_MEMORY_H
| #  include <memory.h>
| # endif
| # include <string.h>
| #endif
| #ifdef HAVE_STRINGS_H
| # include <strings.h>
| #endif
| #ifdef HAVE_INTTYPES_H
| # include <inttypes.h>
| #endif
| #ifdef HAVE_STDINT_H
| # include <stdint.h>
| #endif
| #ifdef HAVE_UNISTD_H
| # include <unistd.h>
| #endif
| int
| main ()
| {
| if (sizeof ((_Bool)))
| 	    return 0;
|   ;
|   return 0;
| }
configure:4863: result: yes
configure:4874: checking for inline
configure:4890: gcc -c -g -O2  conftest.c >&5
configure:4890: $? = 0
configure:4898: result: inline
configure:4916: checking for pid_t
configure:4916: gcc -c -g -O2  conftest.c >&5
configure:4916: $? = 0
configure:4916: gcc -c -g -O2  conftest.c >&5
conftest.c: In function 'main':
conftest.c:76:20: error: expected expression before ')' token
 if (sizeof ((pid_t)))
                    ^
configure:4916: $? = 1
configure: failed program was:
| /* confdefs.h */
| #define PACKAGE_NAME "NetPacketCaptureServer"
| #define PACKAGE_TARNAME "netpacketcaptureserver"
| #define PACKAGE_VERSION "1.0"
| #define PACKAGE_STRING "NetPacketCaptureServer 1.0"
| #define PACKAGE_BUGREPORT "https://github.com/zhangwuliang/LibevTcpProj"
| #define PACKAGE_URL ""
| #define PACKAGE "NetPacketCaptureServer"
| #define VERSION "1.0"
| #define HAVE_LIBCPP_COMMON 1
| #define HAVE_LIBEV 1
| #define HAVE_LIBJSONCPP 1
| #define HAVE_LIBPTHREAD 1
| #define HAVE_SYS_TYPES_H 1
| #define HAVE_NETINET_IN_H 1
| #define HAVE_ARPA_NAMESER_H 1
| #define HAVE_NETDB_H 1
| #define HAVE_RESOLV_H 1
| #define STDC_HEADERS 1
| #define HAVE_SYS_TYPES_H 1
| #define HAVE_SYS_STAT_H 1
| #define HAVE_STDLIB_H 1
| #define HAVE_STRING_H 1
| #define HAVE_MEMORY_H 1
| #define HAVE_STRINGS_H 1
| #define HAVE_INTTYPES_H 1
| #define HAVE_STDINT_H 1
| #define HAVE_UNISTD_H 1
| #define HAVE_ARPA_INET_H 1
| #define HAVE_FCNTL_H 1
| #define HAVE_NETDB_H 1
| #define HAVE_NETINET_IN_H 1
| #define HAVE_STDLIB_H 1
| #define HAVE_STRING_H 1
| #define HAVE_SYS_IOCTL_H 1
| #define HAVE_SYS_SOCKET_H 1
| #define HAVE_UNISTD_H 1
| #define HAVE__BOOL 1
| /* end confdefs.h.  */
| #include <stdio.h>
| #ifdef HAVE_SYS_TYPES_H
| # include <sys/types.h>
| #endif
| #ifdef HAVE_SYS_STAT_H
| # include <sys/stat.h>
| #endif
| #ifdef STDC_HEADERS
| # include <stdlib.h>
| # include <stddef.h>
| #else
| # ifdef HAVE_STDLIB_H
| #  include <stdlib.h>
| # endif
| #endif
| #ifdef HAVE_STRING_H
| # if !defined STDC_HEADERS && defined HAVE_MEMORY_H
| #  include <memory.h>
| # endif
| # include <string.h>
| #endif
| #ifdef HAVE_STRINGS_H
| # include <strings.h>
| #endif
| #ifdef HAVE_INTTYPES_H
| # include <inttypes.h>
| #endif
| #ifdef HAVE_STDINT_H
| # include <stdint.h>
| #endif
| #ifdef HAVE_UNISTD_H
| # include <unistd.h>
| #endif
| int
| main ()
| {
| if (sizeof ((pid_t)))
| 	    return 0;
|   ;
|   return 0;
| }
configure:4916: result: yes
configure:4927: checking for ssize_t
configure:4927: gcc -c -g -O2  conftest.c >&5
configure:4927: $? = 0
configure:4927: gcc -c -g -O2  conftest.c >&5
conftest.c: In function 'main':
conftest.c:76:22: error: expected expression before ')' token
 if (sizeof ((ssize_t)))
                      ^
configure:4927: $? = 1
configure: failed program was:
| /* confdefs.h */
| #define PACKAGE_NAME "NetPacketCaptureServer"
| #define PACKAGE_TARNAME "netpacketcaptureserver"
| #define PACKAGE_VERSION "1.0"
| #define PACKAGE_STRING "NetPacketCaptureServer 1.0"
| #define PACKAGE_BUGREPORT "https://github.com/zhangwuliang/LibevTcpProj"
| #define PACKAGE_URL ""
| #define PACKAGE "NetPacketCaptureServer"
| #define VERSION "1.0"
| #define HAVE_LIBCPP_COMMON 1
| #define HAVE_LIBEV 1
| #define HAVE_LIBJSONCPP 1
| #define HAVE_LIBPTHREAD 1
| #define HAVE_SYS_TYPES_H 1
| #define HAVE_NETINET_IN_H 1
| #define HAVE_ARPA_NAMESER_H 1
| #define HAVE_NETDB_H 1
| #define HAVE_RESOLV_H 1
| #define STDC_HEADERS 1
| #define HAVE_SYS_TYPES_H 1
| #define HAVE_SYS_STAT_H 1
| #define HAVE_STDLIB_H 1
| #define HAVE_STRING_H 1
| #define HAVE_MEMORY_H 1
| #define HAVE_STRINGS_H 1
| #define HAVE_INTTYPES_H 1
| #define HAVE_STDINT_H 1
| #define HAVE_UNISTD_H 1
| #define HAVE_ARPA_INET_H 1
| #define HAVE_FCNTL_H 1
| #define HAVE_NETDB_H 1
| #define HAVE_NETINET_IN_H 1
| #define HAVE_STDLIB_H 1
| #define HAVE_STRING_H 1
| #define HAVE_SYS_IOCTL_H 1
| #define HAVE_SYS_SOCKET_H 1
| #define HAVE_UNISTD_H 1
| #define HAVE__BOOL 1
| /* end confdefs.h.  */
| #include <stdio.h>
| #ifdef HAVE_SYS_TYPES_H
| # include <sys/types.h>
| #endif
| #ifdef HAVE_SYS_STAT_H
| # include <sys/stat.h>
| #endif
| #ifdef STDC_HEADERS
| # include <stdlib.h>
| # include <stddef.h>
| #else
| # ifdef HAVE_STDLIB_H
| #  include <stdlib.h>
| # endif
| #endif
| #ifdef HAVE_STRING_H
| # if !defined STDC_HEADERS && defined HAVE_MEMORY_H
| #  include <memory.h>
| # endif
| # include <string.h>
| #endif
| #ifdef HAVE_STRINGS_H
| # include <strings.h>
| #endif
| #ifdef HAVE_INTTYPES_H
| # include <inttypes.h>
| #endif
| #ifdef HAVE_STDINT_H
| # include <stdint.h>
| #endif
| #ifdef HAVE_UNISTD_H
| # include <unistd.h>
| #endif
| int
| main ()
| {
| if (sizeof ((ssize_t)))
| 	    return 0;
|   ;
|   return 0;
| }
configure:4927: result: yes
configure:4942: checking vfork.h usability
configure:4942: gcc -c -g -O2  conftest.c >&5
conftest.c:73:19: fatal error: vfork.h: No such file or directory
 #include <vfork.h>
                   ^
compilation terminated.
configure:4942: $? = 1
configure: failed program was:
| /* confdefs.h */
| #define PACKAGE_NAME "NetPacketCaptureServer"
| #define PACKAGE_TARNAME "netpacketcaptureserver"
| #define PACKAGE_VERSION "1.0"
| #define PACKAGE_STRING "NetPacketCaptureServer 1.0"
| #define PACKAGE_BUGREPORT "https://github.com/zhangwuliang/LibevTcpProj"
| #define PACKAGE_URL ""
| #define PACKAGE "NetPacketCaptureServer"
| #define VERSION "1.0"
| #define HAVE_LIBCPP_COMMON 1
| #define HAVE_LIBEV 1
| #define HAVE_LIBJSONCPP 1
| #define HAVE_LIBPTHREAD 1
| #define HAVE_SYS_TYPES_H 1
| #define HAVE_NETINET_IN_H 1
| #define HAVE_ARPA_NAMESER_H 1
| #define HAVE_NETDB_H 1
| #define HAVE_RESOLV_H 1
| #define STDC_HEADERS 1
| #define HAVE_SYS_TYPES_H 1
| #define HAVE_SYS_STAT_H 1
| #define HAVE_STDLIB_H 1
| #define HAVE_STRING_H 1
| #define HAVE_MEMORY_H 1
| #define HAVE_STRINGS_H 1
| #define HAVE_INTTYPES_H 1
| #define HAVE_STDINT_H 1
| #define HAVE_UNISTD_H 1
| #define HAVE_ARPA_INET_H 1
| #define HAVE_FCNTL_H 1
| #define HAVE_NETDB_H 1
| #define HAVE_NETINET_IN_H 1
| #define HAVE_STDLIB_H 1
| #define HAVE_STRING_H 1
| #define HAVE_SYS_IOCTL_H 1
| #define HAVE_SYS_SOCKET_H 1
| #define HAVE_UNISTD_H 1
| #define HAVE__BOOL 1
| /* end confdefs.h.  */
| #include <stdio.h>
| #ifdef HAVE_SYS_TYPES_H
| # include <sys/types.h>
| #endif
| #ifdef HAVE_SYS_STAT_H
| # include <sys/stat.h>
| #endif
| #ifdef STDC_HEADERS
| # include <stdlib.h>
| # include <stddef.h>
| #else
| # ifdef HAVE_STDLIB_H
| #  include <stdlib.h>
| # endif
| #endif
| #ifdef HAVE_STRING_H
| # if !defined STDC_HEADERS && defined HAVE_MEMORY_H
| #  include <memory.h>
| # endif
| # include <string.h>
| #endif
| #ifdef HAVE_STRINGS_H
| # include <strings.h>
| #endif
| #ifdef HAVE_INTTYPES_H
| # include <inttypes.h>
| #endif
| #ifdef HAVE_STDINT_H
| # include <stdint.h>
| #endif
| #ifdef HAVE_UNISTD_H
| # include <unistd.h>
| #endif
| #include <vfork.h>
configure:4942: result: no
configure:4942: checking vfork.h presence
configure:4942: gcc -E  conftest.c
conftest.c:40:19: fatal error: vfork.h: No such file or directory
 #include <vfork.h>
                   ^
compilation terminated.
configure:4942: $? = 1
configure: failed program was:
| /* confdefs.h */
| #define PACKAGE_NAME "NetPacketCaptureServer"
| #define PACKAGE_TARNAME "netpacketcaptureserver"
| #define PACKAGE_VERSION "1.0"
| #define PACKAGE_STRING "NetPacketCaptureServer 1.0"
| #define PACKAGE_BUGREPORT "https://github.com/zhangwuliang/LibevTcpProj"
| #define PACKAGE_URL ""
| #define PACKAGE "NetPacketCaptureServer"
| #define VERSION "1.0"
| #define HAVE_LIBCPP_COMMON 1
| #define HAVE_LIBEV 1
| #define HAVE_LIBJSONCPP 1
| #define HAVE_LIBPTHREAD 1
| #define HAVE_SYS_TYPES_H 1
| #define HAVE_NETINET_IN_H 1
| #define HAVE_ARPA_NAMESER_H 1
| #define HAVE_NETDB_H 1
| #define HAVE_RESOLV_H 1
| #define STDC_HEADERS 1
| #define HAVE_SYS_TYPES_H 1
| #define HAVE_SYS_STAT_H 1
| #define HAVE_STDLIB_H 1
| #define HAVE_STRING_H 1
| #define HAVE_MEMORY_H 1
| #define HAVE_STRINGS_H 1
| #define HAVE_INTTYPES_H 1
| #define HAVE_STDINT_H 1
| #define HAVE_UNISTD_H 1
| #define HAVE_ARPA_INET_H 1
| #define HAVE_FCNTL_H 1
| #define HAVE_NETDB_H 1
| #define HAVE_NETINET_IN_H 1
| #define HAVE_STDLIB_H 1
| #define HAVE_STRING_H 1
| #define HAVE_SYS_IOCTL_H 1
| #define HAVE_SYS_SOCKET_H 1
| #define HAVE_UNISTD_H 1
| #define HAVE__BOOL 1
| /* end confdefs.h.  */
| #include <vfork.h>
configure:4942: result: no
configure:4942: checking for vfork.h
configure:4942: result: no
configure:4955: checking for fork
configure:4955: gcc -o conftest -g -O2   conftest.c -lpthread -ljsoncpp -lev -lcpp_common  >&5
conftest.c:63:6: warning: conflicting types for built-in function 'fork' [enabled by default]
 char fork ();
      ^
configure:4955: $? = 0
configure:4955: result: yes
configure:4955: checking for vfork
configure:4955: gcc -o conftest -g -O2   conftest.c -lpthread -ljsoncpp -lev -lcpp_common  >&5
configure:4955: $? = 0
configure:4955: result: yes
configure:4965: checking for working fork
configure:4987: gcc -o conftest -g -O2   conftest.c -lpthread -ljsoncpp -lev -lcpp_common  >&5
configure:4987: $? = 0
configure:4987: ./conftest
configure:4987: $? = 0
configure:4997: result: yes
configure:5018: checking for working vfork
configure:5128: result: yes
configure:5156: checking for ftruncate
configure:5156: gcc -o conftest -g -O2   conftest.c -lpthread -ljsoncpp -lev -lcpp_common  >&5
configure:5156: $? = 0
configure:5156: result: yes
configure:5156: checking for memmove
configure:5156: gcc -o conftest -g -O2   conftest.c -lpthread -ljsoncpp -lev -lcpp_common  >&5
conftest.c:68:6: warning: conflicting types for built-in function 'memmove' [enabled by default]
 char memmove ();
      ^
configure:5156: $? = 0
configure:5156: result: yes
configure:5156: checking for memset
configure:5156: gcc -o conftest -g -O2   conftest.c -lpthread -ljsoncpp -lev -lcpp_common  >&5
conftest.c:69:6: warning: conflicting types for built-in function 'memset' [enabled by default]
 char memset ();
      ^
configure:5156: $? = 0
configure:5156: result: yes
configure:5156: checking for select
configure:5156: gcc -o conftest -g -O2   conftest.c -lpthread -ljsoncpp -lev -lcpp_common  >&5
configure:5156: $? = 0
configure:5156: result: yes
configure:5156: checking for socket
configure:5156: gcc -o conftest -g -O2   conftest.c -lpthread -ljsoncpp -lev -lcpp_common  >&5
configure:5156: $? = 0
configure:5156: result: yes
configure:5156: checking for strerror
configure:5156: gcc -o conftest -g -O2   conftest.c -lpthread -ljsoncpp -lev -lcpp_common  >&5
configure:5156: $? = 0
configure:5156: result: yes
configure:5277: checking that generated files are newer than configure
configure:5283: result: done
configure:5310: creating ./config.status

## ---------------- ##
## Cache variables. ##
## ---------------- ##

ac_cv_c_compiler_gnu=yes
ac_cv_c_inline=inline
ac_cv_cxx_compiler_gnu=yes
ac_cv_env_CCC_set=
ac_cv_env_CCC_value=
ac_cv_env_CC_set=
ac_cv_env_CC_value=
ac_cv_env_CFLAGS_set=
ac_cv_env_CFLAGS_value=
ac_cv_env_CPPFLAGS_set=
ac_cv_env_CPPFLAGS_value=
ac_cv_env_CPP_set=
ac_cv_env_CPP_value=
ac_cv_env_CXXFLAGS_set=
ac_cv_env_CXXFLAGS_value=
ac_cv_env_CXX_set=
ac_cv_env_CXX_value=
ac_cv_env_LDFLAGS_set=
ac_cv_env_LDFLAGS_value=
ac_cv_env_LIBS_set=
ac_cv_env_LIBS_value=
ac_cv_env_build_alias_set=
ac_cv_env_build_alias_value=
ac_cv_env_host_alias_set=
ac_cv_env_host_alias_value=
ac_cv_env_target_alias_set=
ac_cv_env_target_alias_value=
ac_cv_func_fork=yes
ac_cv_func_fork_works=yes
ac_cv_func_ftruncate=yes
ac_cv_func_memmove=yes
ac_cv_func_memset=yes
ac_cv_func_select=yes
ac_cv_func_socket=yes
ac_cv_func_strerror=yes
ac_cv_func_vfork=yes
ac_cv_func_vfork_works=yes
ac_cv_header_arpa_inet_h=yes
ac_cv_header_arpa_nameser_h=yes
ac_cv_header_fcntl_h=yes
ac_cv_header_inttypes_h=yes
ac_cv_header_memory_h=yes
ac_cv_header_netdb_h=yes
ac_cv_header_netinet_in_h=yes
ac_cv_header_resolv_h=yes
ac_cv_header_stdbool_h=yes
ac_cv_header_stdc=yes
ac_cv_header_stdint_h=yes
ac_cv_header_stdlib_h=yes
ac_cv_header_string_h=yes
ac_cv_header_strings_h=yes
ac_cv_header_sys_ioctl_h=yes
ac_cv_header_sys_socket_h=yes
ac_cv_header_sys_stat_h=yes
ac_cv_header_sys_types_h=yes
ac_cv_header_unistd_h=yes
ac_cv_header_vfork_h=no
ac_cv_lib_cpp_common_main=yes
ac_cv_lib_ev_main=yes
ac_cv_lib_jsoncpp_main=yes
ac_cv_lib_pthread_main=yes
ac_cv_objext=o
ac_cv_path_EGREP='/usr/bin/grep -E'
ac_cv_path_GREP=/usr/bin/grep
ac_cv_path_install='/usr/bin/install -c'
ac_cv_path_mkdir=/usr/bin/mkdir
ac_cv_prog_AWK=gawk
ac_cv_prog_CPP='gcc -E'
ac_cv_prog_ac_ct_CC=gcc
ac_cv_prog_ac_ct_CXX=g++
ac_cv_prog_cc_c89=
ac_cv_prog_cc_g=yes
ac_cv_prog_cxx_g=yes
ac_cv_prog_make_make_set=yes
ac_cv_type__Bool=yes
ac_cv_type_pid_t=yes
ac_cv_type_ssize_t=yes
am_cv_CC_dependencies_compiler_type=gcc3
am_cv_CXX_dependencies_compiler_type=gcc3
am_cv_make_support_nested_variables=yes

## ----------------- ##
## Output variables. ##
## ----------------- ##

ACLOCAL='${SHELL} /home/william/workspace/LibevTcpProj/NetPacketCaptureServer/missing aclocal-1.13'
AMDEPBACKSLASH='\'
AMDEP_FALSE='#'
AMDEP_TRUE=''
AMTAR='$${TAR-tar}'
AM_BACKSLASH='\'
AM_DEFAULT_V='$(AM_DEFAULT_VERBOSITY)'
AM_DEFAULT_VERBOSITY='1'
AM_V='$(V)'
AUTOCONF='${SHELL} /home/william/workspace/LibevTcpProj/NetPacketCaptureServer/missing autoconf'
AUTOHEADER='${SHELL} /home/william/workspace/LibevTcpProj/NetPacketCaptureServer/missing autoheader'
AUTOMAKE='${SHELL} /home/william/workspace/LibevTcpProj/NetPacketCaptureServer/missing automake-1.13'
AWK='gawk'
CC='gcc'
CCDEPMODE='depmode=gcc3'
CFLAGS='-g -O2'
CPP='gcc -E'
CPPFLAGS=''
CXX='g++'
CXXDEPMODE='depmode=gcc3'
CXXFLAGS='-g -O2'
CYGPATH_W='echo'
DEFS='-DHAVE_CONFIG_H'
DEPDIR='.deps'
ECHO_C=''
ECHO_N='-n'
ECHO_T=''
EGREP='/usr/bin/grep -E'
EXEEXT=''
GREP='/usr/bin/grep'
INSTALL_DATA='${INSTALL} -m 644'
INSTALL_PROGRAM='${INSTALL}'
INSTALL_SCRIPT='${INSTALL}'
INSTALL_STRIP_PROGRAM='$(install_sh) -c -s'
LDFLAGS=''
LIBOBJS=''
LIBS='-lpthread -ljsoncpp -lev -lcpp_common '
LTLIBOBJS=''
MAKEINFO='${SHELL} /home/william/workspace/LibevTcpProj/NetPacketCaptureServer/missing makeinfo'
MKDIR_P='/usr/bin/mkdir -p'
OBJEXT='o'
PACKAGE='NetPacketCaptureServer'
PACKAGE_BUGREPORT='https://github.com/zhangwuliang/LibevTcpProj'
PACKAGE_NAME='NetPacketCaptureServer'
PACKAGE_STRING='NetPacketCaptureServer 1.0'
PACKAGE_TARNAME='netpacketcaptureserver'
PACKAGE_URL=''
PACKAGE_VERSION='1.0'
PATH_SEPARATOR=':'
SET_MAKE=''
SHELL='/bin/sh'
STRIP=''
VERSION='1.0'
ac_ct_CC='gcc'
ac_ct_CXX='g++'
am__EXEEXT_FALSE=''
am__EXEEXT_TRUE='#'
am__fastdepCC_FALSE='#'
am__fastdepCC_TRUE=''
am__fastdepCXX_FALSE='#'
am__fastdepCXX_TRUE=''
am__include='include'
am__isrc=''
am__leading_dot='.'
am__nodep='_no'
am__quote=''
am__tar='$${TAR-tar} chof - "$$tardir"'
am__untar='$${TAR-tar} xf -'
bindir='${exec_prefix}/bin'
build_alias=''
datadir='${datarootdir}'
datarootdir='${prefix}/share'
docdir='${datarootdir}/doc/${PACKAGE_TARNAME}'
dvidir='${docdir}'
exec_prefix='${prefix}'
host_alias=''
htmldir='${docdir}'
includedir='${prefix}/include'
infodir='${datarootdir}/info'
install_sh='${SHELL} /home/william/workspace/LibevTcpProj/NetPacketCaptureServer/install-sh'
libdir='${exec_prefix}/lib'
libexecdir='${exec_prefix}/libexec'
localedir='${datarootdir}/locale'
localstatedir='${prefix}/var'
mandir='${datarootdir}/man'
mkdir_p='$(MKDIR_P)'
oldincludedir='/usr/include'
pdfdir='${docdir}'
prefix='/usr/local'
program_transform_name='s,x,x,'
psdir='${docdir}'
sbindir='${exec_prefix}/sbin'
sharedstatedir='${prefix}/com'
sysconfdir='${prefix}/etc'
target_alias=''

## ----------- ##
## confdefs.h. ##
## ----------- ##

/* confdefs.h */
#define PACKAGE_NAME "NetPacketCaptureServer"
#define PACKAGE_TARNAME "netpacketcaptureserver"
#define PACKAGE_VERSION "1.0"
#define PACKAGE_STRING "NetPacketCaptureServer 1.0"
#define PACKAGE_BUGREPORT "https://github.com/zhangwuliang/LibevTcpProj"
#define PACKAGE_URL ""
#define PACKAGE "NetPacketCaptureServer"
#define VERSION "1.0"
#define HAVE_LIBCPP_COMMON 1
#define HAVE_LIBEV 1
#define HAVE_LIBJSONCPP 1
#define HAVE_LIBPTHREAD 1
#define HAVE_SYS_TYPES_H 1
#define HAVE_NETINET_IN_H 1
#define HAVE_ARPA_NAMESER_H 1
#define HAVE_NETDB_H 1
#define HAVE_RESOLV_H 1
#define STDC_HEADERS 1
#define HAVE_SYS_TYPES_H 1
#define HAVE_SYS_STAT_H 1
#define HAVE_STDLIB_H 1
#define HAVE_STRING_H 1
#define HAVE_MEMORY_H 1
#define HAVE_STRINGS_H 1
#define HAVE_INTTYPES_H 1
#define HAVE_STDINT_H 1
#define HAVE_UNISTD_H 1
#define HAVE_ARPA_INET_H 1
#define HAVE_FCNTL_H 1
#define HAVE_NETDB_H 1
#define HAVE_NETINET_IN_H 1
#define HAVE_STDLIB_H 1
#define HAVE_STRING_H 1
#define HAVE_SYS_IOCTL_H 1
#define HAVE_SYS_SOCKET_H 1
#define HAVE_UNISTD_H 1
#define HAVE__BOOL 1
#define HAVE_FORK 1
#define HAVE_VFORK 1
#define HAVE_WORKING_VFORK 1
#define HAVE_WORKING_FORK 1
#define HAVE_FTRUNCATE 1
#define HAVE_MEMMOVE 1
#define HAVE_MEMSET 1
#define HAVE_SELECT 1
#define HAVE_SOCKET 1
#define HAVE_STRERROR 1

configure: exit 0

## ---------------------- ##
## Running config.status. ##
## ---------------------- ##

This file was extended by NetPacketCaptureServer config.status 1.0, which was
generated by GNU Autoconf 2.69.  Invocation command line was

  CONFIG_FILES    = 
  CONFIG_HEADERS  = 
  CONFIG_LINKS    = 
  CONFIG_COMMANDS = 
  $ ./config.status 

on localhost.localdomain

config.status:889: creating Makefile
config.status:889: creating etc/Makefile
config.status:889: creating src/Makefile
config.status:889: creating config.h
config.status:1070: config.h is unchanged
config.status:1118: executing depfiles commands

## ---------------------- ##
## Running config.status. ##
## ---------------------- ##

This file was extended by NetPacketCaptureServer config.status 1.0, which was
generated by GNU Autoconf 2.69.  Invocation command line was

  CONFIG_FILES    = 
  CONFIG_HEADERS  = 
  CONFIG_LINKS    = 
  CONFIG_COMMANDS = 
  $ ./config.status config.h

on localhost.localdomain

config.status:889: creating config.h
config.status:1070: config.h is unchanged
